mode: set
github.com/aasanchez/ocpp16_messages/models/types.go:7.66,8.21 1 1
github.com/aasanchez/ocpp16_messages/models/types.go:8.21,10.3 1 1
github.com/aasanchez/ocpp16_messages/models/types.go:11.2,11.22 1 1
github.com/aasanchez/ocpp16_messages/models/types.go:11.22,13.3 1 1
github.com/aasanchez/ocpp16_messages/models/types.go:14.2,14.12 1 1
github.com/aasanchez/ocpp16_messages/models/types.go:19.42,21.2 1 1
github.com/aasanchez/ocpp16_messages/models/types.go:25.42,27.2 1 1
github.com/aasanchez/ocpp16_messages/models/types.go:31.42,33.2 1 1
github.com/aasanchez/ocpp16_messages/validators/BootNotification.go:9.77,10.56 1 1
github.com/aasanchez/ocpp16_messages/validators/BootNotification.go:10.56,12.3 1 1
github.com/aasanchez/ocpp16_messages/validators/BootNotification.go:13.2,13.57 1 1
github.com/aasanchez/ocpp16_messages/validators/BootNotification.go:13.57,15.3 1 1
github.com/aasanchez/ocpp16_messages/validators/BootNotification.go:16.2,16.38 1 1
github.com/aasanchez/ocpp16_messages/validators/BootNotification.go:16.38,17.62 1 1
github.com/aasanchez/ocpp16_messages/validators/BootNotification.go:17.62,19.4 1 0
github.com/aasanchez/ocpp16_messages/validators/BootNotification.go:21.2,21.40 1 1
github.com/aasanchez/ocpp16_messages/validators/BootNotification.go:21.40,22.64 1 1
github.com/aasanchez/ocpp16_messages/validators/BootNotification.go:22.64,24.4 1 0
github.com/aasanchez/ocpp16_messages/validators/BootNotification.go:26.2,26.32 1 1
github.com/aasanchez/ocpp16_messages/validators/BootNotification.go:26.32,27.56 1 1
github.com/aasanchez/ocpp16_messages/validators/BootNotification.go:27.56,29.4 1 1
github.com/aasanchez/ocpp16_messages/validators/BootNotification.go:31.2,31.22 1 1
github.com/aasanchez/ocpp16_messages/validators/BootNotification.go:31.22,32.46 1 1
github.com/aasanchez/ocpp16_messages/validators/BootNotification.go:32.46,34.4 1 1
github.com/aasanchez/ocpp16_messages/validators/BootNotification.go:36.2,36.21 1 1
github.com/aasanchez/ocpp16_messages/validators/BootNotification.go:36.21,37.45 1 1
github.com/aasanchez/ocpp16_messages/validators/BootNotification.go:37.45,39.4 1 0
github.com/aasanchez/ocpp16_messages/validators/BootNotification.go:41.2,41.34 1 1
github.com/aasanchez/ocpp16_messages/validators/BootNotification.go:41.34,42.58 1 1
github.com/aasanchez/ocpp16_messages/validators/BootNotification.go:42.58,44.4 1 1
github.com/aasanchez/ocpp16_messages/validators/BootNotification.go:46.2,46.26 1 1
github.com/aasanchez/ocpp16_messages/validators/BootNotification.go:46.26,47.50 1 1
github.com/aasanchez/ocpp16_messages/validators/BootNotification.go:47.50,49.4 1 0
github.com/aasanchez/ocpp16_messages/validators/BootNotification.go:51.2,51.12 1 1
github.com/aasanchez/ocpp16_messages/validators/BootNotification.go:54.80,55.28 1 0
github.com/aasanchez/ocpp16_messages/validators/BootNotification.go:55.28,57.3 1 0
github.com/aasanchez/ocpp16_messages/validators/BootNotification.go:58.2,58.24 1 0
github.com/aasanchez/ocpp16_messages/validators/BootNotification.go:58.24,60.3 1 0
github.com/aasanchez/ocpp16_messages/validators/BootNotification.go:61.2,61.12 1 0
